[ERROR]2012-10-09 15:20:02.159777 Error while merging images with alpha 0.5, error was: AttributeError("'OpenImage' object has no attribute 'load'",)
[DEBUG]2012-10-09 15:40:09.279565 STEP | lctime = 940 | timer = 5 | per_cent_day = 65.2777777778
[DEBUG]2012-10-09 15:40:09.279565 IMAGES calculated and set | steps = 800 | curr_step = 522 | image1 = 5 | image2 = 6 | alpha = 0.22 | img1 = 4 | img2 = 5
[DEBUG]2012-10-09 15:40:09.279565 STEP | lctime = 940 | timer = 5 | per_cent_day = 65.2777777778
[DEBUG]2012-10-09 15:40:09.279565 IMAGES calculated and set | steps = 800 | curr_step = 522 | image1 = 5 | image2 = 6 | alpha = 0.22 | img1 = 4 | img2 = 5
[DEBUG]2012-10-09 15:40:09.279565 STEP | lctime = 940 | timer = 5 | per_cent_day = 65.2777777778
[DEBUG]2012-10-09 15:40:09.279565 IMAGES calculated and set | steps = 800 | curr_step = 522 | image1 = 5 | image2 = 6 | alpha = 0.22 | img1 = 4 | img2 = 5
[DEBUG]2012-10-09 15:40:09.279565 STEP | lctime = 940 | timer = 5 | per_cent_day = 65.2777777778
[DEBUG]2012-10-09 15:40:09.279565 IMAGES calculated and set | steps = 800 | curr_step = 522 | image1 = 5 | image2 = 6 | alpha = 0.22 | img1 = 4 | img2 = 5
[DEBUG]2012-10-09 15:40:09.279565 STEP | lctime = 940 | timer = 5 | per_cent_day = 65.2777777778
[DEBUG]2012-10-09 15:40:09.279565 IMAGES calculated and set | steps = 800 | curr_step = 522 | image1 = 5 | image2 = 6 | alpha = 0.22 | img1 = 4 | img2 = 5
[DEBUG]2012-10-09 15:59:11.164424 STEP | lctime = 959 | timer = 5 | per_cent_day = 66.5972222222
[DEBUG]2012-10-09 15:59:11.164424 IMAGES calculated and set | steps = 800 | curr_step = 532 | image1 = 5 | image2 = 6 | alpha = 0.32 | img1 = 4 | img2 = 5
[DEBUG]2012-10-09 15:59:13.516688 STEP | lctime = 959 | timer = 5 | per_cent_day = 66.5972222222
[DEBUG]2012-10-09 15:59:13.516688 IMAGES calculated and set | steps = 800 | curr_step = 532 | image1 = 5 | image2 = 6 | alpha = 0.32 | img1 = 4 | img2 = 5
[DEBUG]2012-10-09 15:59:15.444339 STEP | lctime = 959 | timer = 5 | per_cent_day = 66.5972222222
[DEBUG]2012-10-09 15:59:15.444339 IMAGES calculated and set | steps = 800 | curr_step = 532 | image1 = 5 | image2 = 6 | alpha = 0.32 | img1 = 4 | img2 = 5
[DEBUG]2012-10-09 15:59:16.013033 STEP | lctime = 959 | timer = 5 | per_cent_day = 66.5972222222
[DEBUG]2012-10-09 15:59:16.013033 IMAGES calculated and set | steps = 800 | curr_step = 532 | image1 = 5 | image2 = 6 | alpha = 0.32 | img1 = 4 | img2 = 5
[DEBUG]2012-10-09 15:59:16.620412 STEP | lctime = 959 | timer = 5 | per_cent_day = 66.5972222222
[DEBUG]2012-10-09 15:59:16.620412 IMAGES calculated and set | steps = 800 | curr_step = 532 | image1 = 5 | image2 = 6 | alpha = 0.32 | img1 = 4 | img2 = 5
[DEBUG]2012-10-09 15:59:17.139400 STEP | lctime = 959 | timer = 5 | per_cent_day = 66.5972222222
[DEBUG]2012-10-09 15:59:17.139400 IMAGES calculated and set | steps = 800 | curr_step = 532 | image1 = 5 | image2 = 6 | alpha = 0.32 | img1 = 4 | img2 = 5
[DEBUG]2012-10-09 15:59:17.668284 STEP | lctime = 959 | timer = 5 | per_cent_day = 66.5972222222
[DEBUG]2012-10-09 15:59:17.668284 IMAGES calculated and set | steps = 800 | curr_step = 532 | image1 = 5 | image2 = 6 | alpha = 0.32 | img1 = 4 | img2 = 5
[DEBUG]2012-10-09 15:59:18.252669 STEP | lctime = 959 | timer = 5 | per_cent_day = 66.5972222222
[DEBUG]2012-10-09 15:59:18.252669 IMAGES calculated and set | steps = 800 | curr_step = 532 | image1 = 5 | image2 = 6 | alpha = 0.32 | img1 = 4 | img2 = 5
[DEBUG]2012-10-09 15:59:18.901035 STEP | lctime = 959 | timer = 5 | per_cent_day = 66.5972222222
[DEBUG]2012-10-09 15:59:18.901035 IMAGES calculated and set | steps = 800 | curr_step = 532 | image1 = 5 | image2 = 6 | alpha = 0.32 | img1 = 4 | img2 = 5
[DEBUG]2012-10-09 15:59:19.556325 STEP | lctime = 959 | timer = 5 | per_cent_day = 66.5972222222
[DEBUG]2012-10-09 15:59:19.556325 IMAGES calculated and set | steps = 800 | curr_step = 532 | image1 = 5 | image2 = 6 | alpha = 0.32 | img1 = 4 | img2 = 5
[DEBUG]2012-10-09 15:59:19.980099 STEP | lctime = 959 | timer = 5 | per_cent_day = 66.5972222222
[DEBUG]2012-10-09 15:59:19.980099 IMAGES calculated and set | steps = 800 | curr_step = 532 | image1 = 5 | image2 = 6 | alpha = 0.32 | img1 = 4 | img2 = 5
[DEBUG]2012-10-09 15:59:20.355508 STEP | lctime = 959 | timer = 5 | per_cent_day = 66.5972222222
[DEBUG]2012-10-09 15:59:20.355508 IMAGES calculated and set | steps = 800 | curr_step = 532 | image1 = 5 | image2 = 6 | alpha = 0.32 | img1 = 4 | img2 = 5
[DEBUG]2012-10-09 15:59:20.732346 STEP | lctime = 959 | timer = 5 | per_cent_day = 66.5972222222
[DEBUG]2012-10-09 15:59:20.732346 IMAGES calculated and set | steps = 800 | curr_step = 532 | image1 = 5 | image2 = 6 | alpha = 0.32 | img1 = 4 | img2 = 5
[DEBUG]2012-10-09 15:59:21.092878 STEP | lctime = 959 | timer = 5 | per_cent_day = 66.5972222222
[DEBUG]2012-10-09 15:59:21.092878 IMAGES calculated and set | steps = 800 | curr_step = 532 | image1 = 5 | image2 = 6 | alpha = 0.32 | img1 = 4 | img2 = 5
[DEBUG]2012-10-09 15:59:21.500201 STEP | lctime = 959 | timer = 5 | per_cent_day = 66.5972222222
[DEBUG]2012-10-09 15:59:21.500201 IMAGES calculated and set | steps = 800 | curr_step = 532 | image1 = 5 | image2 = 6 | alpha = 0.32 | img1 = 4 | img2 = 5
[DEBUG]2012-10-09 15:59:22.027027 STEP | lctime = 959 | timer = 5 | per_cent_day = 66.5972222222
[DEBUG]2012-10-09 15:59:22.027027 IMAGES calculated and set | steps = 800 | curr_step = 532 | image1 = 5 | image2 = 6 | alpha = 0.32 | img1 = 4 | img2 = 5
[DEBUG]2012-10-09 15:59:22.620116 STEP | lctime = 959 | timer = 5 | per_cent_day = 66.5972222222
[DEBUG]2012-10-09 15:59:22.620116 IMAGES calculated and set | steps = 800 | curr_step = 532 | image1 = 5 | image2 = 6 | alpha = 0.32 | img1 = 4 | img2 = 5
[DEBUG]2012-10-09 15:59:24.204067 STEP | lctime = 959 | timer = 5 | per_cent_day = 66.5972222222
[DEBUG]2012-10-09 15:59:24.204067 IMAGES calculated and set | steps = 800 | curr_step = 532 | image1 = 5 | image2 = 6 | alpha = 0.32 | img1 = 4 | img2 = 5
[DEBUG]2012-10-09 15:59:24.812921 STEP | lctime = 959 | timer = 5 | per_cent_day = 66.5972222222
[DEBUG]2012-10-09 15:59:24.812921 IMAGES calculated and set | steps = 800 | curr_step = 532 | image1 = 5 | image2 = 6 | alpha = 0.32 | img1 = 4 | img2 = 5
[DEBUG]2012-10-09 15:59:25.459157 STEP | lctime = 959 | timer = 5 | per_cent_day = 66.5972222222
[DEBUG]2012-10-09 15:59:25.459157 IMAGES calculated and set | steps = 800 | curr_step = 532 | image1 = 5 | image2 = 6 | alpha = 0.32 | img1 = 4 | img2 = 5
[DEBUG]2012-10-09 15:59:26.003372 STEP | lctime = 959 | timer = 5 | per_cent_day = 66.5972222222
[DEBUG]2012-10-09 15:59:26.003372 IMAGES calculated and set | steps = 800 | curr_step = 532 | image1 = 5 | image2 = 6 | alpha = 0.32 | img1 = 4 | img2 = 5
[DEBUG]2012-10-09 15:59:28.948868 STEP | lctime = 959 | timer = 5 | per_cent_day = 66.5972222222
[DEBUG]2012-10-09 15:59:28.948868 IMAGES calculated and set | steps = 800 | curr_step = 532 | image1 = 5 | image2 = 6 | alpha = 0.32 | img1 = 4 | img2 = 5
[DEBUG]2012-10-09 15:59:29.395679 STEP | lctime = 959 | timer = 5 | per_cent_day = 66.5972222222
[DEBUG]2012-10-09 15:59:29.395679 IMAGES calculated and set | steps = 800 | curr_step = 532 | image1 = 5 | image2 = 6 | alpha = 0.32 | img1 = 4 | img2 = 5
[DEBUG]2012-10-09 15:59:29.882810 STEP | lctime = 959 | timer = 5 | per_cent_day = 66.5972222222
[DEBUG]2012-10-09 15:59:29.882810 IMAGES calculated and set | steps = 800 | curr_step = 532 | image1 = 5 | image2 = 6 | alpha = 0.32 | img1 = 4 | img2 = 5
[DEBUG]2012-10-09 15:59:30.627117 STEP | lctime = 959 | timer = 5 | per_cent_day = 66.5972222222
[DEBUG]2012-10-09 15:59:30.627117 IMAGES calculated and set | steps = 800 | curr_step = 532 | image1 = 5 | image2 = 6 | alpha = 0.32 | img1 = 4 | img2 = 5
[DEBUG]2012-10-09 15:59:31.131864 STEP | lctime = 959 | timer = 5 | per_cent_day = 66.5972222222
[DEBUG]2012-10-09 15:59:31.131864 IMAGES calculated and set | steps = 800 | curr_step = 532 | image1 = 5 | image2 = 6 | alpha = 0.32 | img1 = 4 | img2 = 5
[DEBUG]2012-10-09 15:59:31.555975 STEP | lctime = 959 | timer = 5 | per_cent_day = 66.5972222222
[DEBUG]2012-10-09 15:59:31.555975 IMAGES calculated and set | steps = 800 | curr_step = 532 | image1 = 5 | image2 = 6 | alpha = 0.32 | img1 = 4 | img2 = 5
[DEBUG]2012-10-09 15:59:32.012570 STEP | lctime = 959 | timer = 5 | per_cent_day = 66.5972222222
[DEBUG]2012-10-09 15:59:32.012570 IMAGES calculated and set | steps = 800 | curr_step = 532 | image1 = 5 | image2 = 6 | alpha = 0.32 | img1 = 4 | img2 = 5
[DEBUG]2012-10-09 15:59:32.563000 STEP | lctime = 959 | timer = 5 | per_cent_day = 66.5972222222
[DEBUG]2012-10-09 15:59:32.563000 IMAGES calculated and set | steps = 800 | curr_step = 532 | image1 = 5 | image2 = 6 | alpha = 0.32 | img1 = 4 | img2 = 5
[DEBUG]2012-10-09 15:59:33.043112 STEP | lctime = 959 | timer = 5 | per_cent_day = 66.5972222222
[DEBUG]2012-10-09 15:59:33.043112 IMAGES calculated and set | steps = 800 | curr_step = 532 | image1 = 5 | image2 = 6 | alpha = 0.32 | img1 = 4 | img2 = 5
[DEBUG]2012-10-09 15:59:33.574352 STEP | lctime = 959 | timer = 5 | per_cent_day = 66.5972222222
[DEBUG]2012-10-09 15:59:33.574352 IMAGES calculated and set | steps = 800 | curr_step = 532 | image1 = 5 | image2 = 6 | alpha = 0.32 | img1 = 4 | img2 = 5
[DEBUG]2012-10-09 15:59:34.076037 STEP | lctime = 959 | timer = 5 | per_cent_day = 66.5972222222
[DEBUG]2012-10-09 15:59:34.076037 IMAGES calculated and set | steps = 800 | curr_step = 532 | image1 = 5 | image2 = 6 | alpha = 0.32 | img1 = 4 | img2 = 5
[DEBUG]2012-10-09 15:59:34.605028 STEP | lctime = 959 | timer = 5 | per_cent_day = 66.5972222222
[DEBUG]2012-10-09 15:59:34.605028 IMAGES calculated and set | steps = 800 | curr_step = 532 | image1 = 5 | image2 = 6 | alpha = 0.32 | img1 = 4 | img2 = 5
[DEBUG]2012-10-09 15:59:35.163084 STEP | lctime = 959 | timer = 5 | per_cent_day = 66.5972222222
[DEBUG]2012-10-09 15:59:35.163084 IMAGES calculated and set | steps = 800 | curr_step = 532 | image1 = 5 | image2 = 6 | alpha = 0.32 | img1 = 4 | img2 = 5
[DEBUG]2012-10-09 15:59:35.579593 STEP | lctime = 959 | timer = 5 | per_cent_day = 66.5972222222
[DEBUG]2012-10-09 15:59:35.579593 IMAGES calculated and set | steps = 800 | curr_step = 532 | image1 = 5 | image2 = 6 | alpha = 0.32 | img1 = 4 | img2 = 5
[DEBUG]2012-10-09 15:59:36.027073 STEP | lctime = 959 | timer = 5 | per_cent_day = 66.5972222222
[DEBUG]2012-10-09 15:59:36.027073 IMAGES calculated and set | steps = 800 | curr_step = 532 | image1 = 5 | image2 = 6 | alpha = 0.32 | img1 = 4 | img2 = 5
[DEBUG]2012-10-09 15:59:36.532216 STEP | lctime = 959 | timer = 5 | per_cent_day = 66.5972222222
[DEBUG]2012-10-09 15:59:36.532216 IMAGES calculated and set | steps = 800 | curr_step = 532 | image1 = 5 | image2 = 6 | alpha = 0.32 | img1 = 4 | img2 = 5
[DEBUG]2012-10-09 15:59:37.003374 STEP | lctime = 959 | timer = 5 | per_cent_day = 66.5972222222
[DEBUG]2012-10-09 15:59:37.003374 IMAGES calculated and set | steps = 800 | curr_step = 532 | image1 = 5 | image2 = 6 | alpha = 0.32 | img1 = 4 | img2 = 5
[DEBUG]2012-10-09 15:59:37.468147 STEP | lctime = 959 | timer = 5 | per_cent_day = 66.5972222222
[DEBUG]2012-10-09 15:59:37.468147 IMAGES calculated and set | steps = 800 | curr_step = 532 | image1 = 5 | image2 = 6 | alpha = 0.32 | img1 = 4 | img2 = 5
[DEBUG]2012-10-09 15:59:37.947314 STEP | lctime = 959 | timer = 5 | per_cent_day = 66.5972222222
[DEBUG]2012-10-09 15:59:37.947314 IMAGES calculated and set | steps = 800 | curr_step = 532 | image1 = 5 | image2 = 6 | alpha = 0.32 | img1 = 4 | img2 = 5
[DEBUG]2012-10-09 15:59:38.413264 STEP | lctime = 959 | timer = 5 | per_cent_day = 66.5972222222
[DEBUG]2012-10-09 15:59:38.413264 IMAGES calculated and set | steps = 800 | curr_step = 532 | image1 = 5 | image2 = 6 | alpha = 0.32 | img1 = 4 | img2 = 5
[DEBUG]2012-10-09 15:59:38.836058 STEP | lctime = 959 | timer = 5 | per_cent_day = 66.5972222222
[DEBUG]2012-10-09 15:59:38.836058 IMAGES calculated and set | steps = 800 | curr_step = 532 | image1 = 5 | image2 = 6 | alpha = 0.32 | img1 = 4 | img2 = 5
[DEBUG]2012-10-09 15:59:57.820945 STEP | lctime = 959 | timer = 5 | per_cent_day = 66.5972222222
[DEBUG]2012-10-09 15:59:57.820945 IMAGES calculated and set | steps = 800 | curr_step = 532 | image1 = 5 | image2 = 6 | alpha = 0.32 | img1 = 4 | img2 = 5
[DEBUG]2012-10-09 16:00:11.947648 STEP | lctime = 960 | timer = 5 | per_cent_day = 66.6666666667
[DEBUG]2012-10-09 16:00:11.947648 IMAGES calculated and set | steps = 800 | curr_step = 533 | image1 = 5 | image2 = 6 | alpha = 0.33 | img1 = 4 | img2 = 5
[DEBUG]2012-10-09 14:40:09.279565 STEP | lctime = 880 | timer = 5 | per_cent_day = 61.1111111111
[DEBUG]2012-10-09 14:40:09.279565 IMAGES calculated and set | steps = 800 | curr_step = 488 | image1 = 4 | image2 = 5 | alpha = 0.88 | img1 = 3 | img2 = 4
[DEBUG]2012-10-09 10:40:09.279565 STEP | lctime = 640 | timer = 5 | per_cent_day = 44.4444444444
[DEBUG]2012-10-09 10:40:09.279565 IMAGES calculated and set | steps = 800 | curr_step = 355 | image1 = 3 | image2 = 4 | alpha = 0.55 | img1 = 2 | img2 = 3
[DEBUG]2012-10-09 00:40:09.279565 STEP | lctime = 40 | timer = 5 | per_cent_day = 2.77777777778
[DEBUG]2012-10-09 00:40:09.279565 IMAGES calculated and set | steps = 800 | curr_step = 22 | image1 = 0 | image2 = 1 | alpha = 0.22 | img1 = -1 | img2 = 0
[DEBUG]2012-10-09 00:40:09.279565 STEP | lctime = 40 | timer = 5 | per_cent_day = 2.77777777778
[DEBUG]2012-10-09 00:40:09.279565 IMAGES calculated and set | steps = 800 | curr_step = 22 | image1 = 0 | image2 = 1 | alpha = 0.22 | img1 = -1 | img2 = 0
[DEBUG]2012-10-09 12:40:09.279565 STEP | lctime = 760 | timer = 5 | per_cent_day = 52.7777777778
[DEBUG]2012-10-09 12:40:09.279565 IMAGES calculated and set | steps = 800 | curr_step = 422 | image1 = 4 | image2 = 5 | alpha = 0.22 | img1 = 3 | img2 = 4
[DEBUG]2012-10-09 23:40:09.279565 STEP | lctime = 1420 | timer = 5 | per_cent_day = 98.6111111111
[DEBUG]2012-10-09 23:40:09.279565 IMAGES calculated and set | steps = 800 | curr_step = 788 | image1 = 7 | image2 = 8 | alpha = 0.88 | img1 = 6 | img2 = 7
[DEBUG]2012-09-23 < 2012-12-25 < 2013-12-21
[DEBUG]2012-12-22 < 2012-12-25 < 2013-03-01
[DEBUG]2012-12-22 < 2012-12-25 < 2013-03-01
[DEBUG]2012-12-22 < 2012-12-25 < 2013-03-01
[DEBUG]2012-01-01 < 2012-01-25 < 2012-03-01
[DEBUG]2012-10-11 09:42:23.080864 2012-01-01 < 2012-01-25 < 2012-03-01
[DEBUG]2012-10-11 09:43:26.374168 2012-01-01 < 2012-01-25 < 2012-03-01
[DEBUG]2012-10-11 10:00:19.513929 2012-09-23 < 2012-12-15 < 2012-12-21
[DEBUG]2012-10-11 10:00:21.992653 2012-12-22 < 2012-12-25 < 2012-12-31
[DEBUG]2012-10-11 10:00:28.640774 2012-12-22 < 2012-12-30 < 2012-12-31
[DEBUG]2012-10-11 10:00:59.849114 2012-12-22 <= 2012-12-30 <= 2012-12-31
[DEBUG]2012-10-11 10:01:02.319443 2012-12-22 <= 2012-12-31 <= 2012-12-31
[DEBUG]2012-10-11 10:01:06.665135 2012-01-01 <= 2012-01-25 <= 2012-03-01
[DEBUG]2012-10-11 10:04:01.791657 2012-01-01 <= 2012-01-25 <= 2012-03-01
[DEBUG]2012-10-11 10:09:41.417349 2012-12-22 <= 2012-12-25 <= 2012-12-31
[DEBUG]2012-10-11 10:09:52.917582 2012-12-22 <= 2012-12-25 <= 2012-12-31
[DEBUG]2012-10-11 10:10:04.525183 2012-09-23 <= 2012-12-01 <= 2012-12-21
[DEBUG]2012-10-11 10:10:07.238668 2012-01-01 <= 2012-01-01 <= 2012-03-01
[DEBUG]2012-10-11 10:11:15.835359 2012-01-01 <= 2012-01-01 <= 2012-03-01
[DEBUG]2012-10-11 10:11:19.734680 2012-09-23 <= 2012-12-01 <= 2012-12-21
[DEBUG]2012-10-11 10:11:41.196253 2012-09-23 <= 2012-12-01 <= 2012-12-21
[DEBUG]2012-10-11 10:12:13.820820 2012-09-23 <= 2012-12-01 <= 2012-12-21
[DEBUG]2012-10-11 10:12:36.076714 2012-09-23 <= 2012-12-01 <= 2012-12-21
[DEBUG]2012-10-11 10:14:05.364217 2012-09-23 <= 2012-12-01 <= 2012-12-21
[DEBUG]2012-10-11 10:18:05.460459 2012-09-23 <= 2012-12-05 <= 2012-12-21
[DEBUG]2012-10-11 10:18:12.842623 2012-12-22 <= 2012-12-25 <= 2012-12-31
[DEBUG]2012-10-11 10:18:17.732597 2012-01-01 <= 2012-01-08 <= 2012-03-01
[DEBUG]2012-10-11 10:18:20.322512 2012-06-01 <= 2012-06-08 <= 2012-09-22
[DEBUG]2012-10-11 10:18:22.940887 2012-06-01 <= 2012-08-08 <= 2012-09-22
[DEBUG]2012-10-11 10:18:25.010298 2012-06-01 <= 2012-09-08 <= 2012-09-22
[DEBUG]2012-10-11 10:18:27.259297 2012-09-23 <= 2012-10-08 <= 2012-12-21
[DEBUG]2012-10-11 10:18:32.056574 2012-09-23 <= 2012-10-08 <= 2012-12-21
[DEBUG]2012-10-11 10:18:40.170069 2012-09-23 <= 2012-10-08 <= 2012-12-21
[DEBUG]2012-10-11 10:21:28.345279 2012-09-23 <= 2012-10-08 <= 2012-12-21
[DEBUG]2012-10-11 10:22:00.335791 2012-09-23 <= 2012-10-08 <= 2012-12-21
[DEBUG]2012-10-11 10:22:09.704799 2012-01-01 <= 2012-01-08 <= 2012-03-01
[DEBUG]2012-10-11 10:22:16.825119 2012-01-01 <= 2012-01-08 <= 2012-03-01
[DEBUG]2012-10-11 10:22:20.383119 2012-01-01 <= 2012-01-08 <= 2012-03-01
[DEBUG]2012-10-11 12:39:43.094493 2012-09-23 <= 2012-10-11 <= 2012-12-21
[DEBUG]2012-10-11 13:01:35.865850 2012-09-23 <= 2012-10-11 <= 2012-12-21
[DEBUG]2012-10-11 13:08:25.281328 2012-09-23 <= 2012-10-11 <= 2012-12-21
[DEBUG]2012-10-11 13:08:25.283571 STEP | lctime = 788 | timer = 5 | per_cent_day = 54.7222222222
[DEBUG]2012-10-11 13:08:25.283571 IMAGES calculated and set | steps = 800 | curr_step = 437 | image1 = 4 | image2 = 5 | alpha = 0.37 | img1 = 3 | img2 = 4
[DEBUG]2012-10-11 13:09:40.878768 2012-09-23 <= 2012-10-11 <= 2012-12-21
[DEBUG]2012-10-11 13:09:40.881691 STEP | lctime = 789 | timer = 5 | per_cent_day = 54.7916666667
[DEBUG]2012-10-11 13:09:40.881691 IMAGES calculated and set | steps = 800 | curr_step = 438 | image1 = 4 | image2 = 5 | alpha = 0.38 | img1 = 3 | img2 = 4
[DEBUG]2012-10-11 13:10:43.020655 2012-09-23 <= 2012-10-11 <= 2012-12-21
[DEBUG]2012-10-11 13:10:43.021587 STEP | lctime = 790 | timer = 5 | per_cent_day = 54.8611111111
[DEBUG]2012-10-11 13:10:43.021587 IMAGES calculated and set | steps = 800 | curr_step = 438 | image1 = 4 | image2 = 5 | alpha = 0.38 | img1 = 3 | img2 = 4
[DEBUG]2012-10-11 13:12:44.141572 2012-09-23 <= 2012-10-11 <= 2012-12-21
[DEBUG]2012-10-11 13:12:46.492968 2012-09-23 <= 2012-10-11 <= 2012-12-21
[DEBUG]2012-10-11 13:13:03.461274 2012-09-23 <= 2012-10-11 <= 2012-12-21
[DEBUG]2012-10-11 13:13:03.462623 STEP | lctime = 793 | timer = 5 | per_cent_day = 55.0694444444
[DEBUG]2012-10-11 13:13:03.462623 IMAGES calculated and set | steps = 800 | curr_step = 440 | image1 = 4 | image2 = 5 | alpha = 0.4 | img1 = 3 | img2 = 4
[DEBUG]2012-10-11 13:15:37.458722 2012-09-23 <= 2012-10-11 <= 2012-12-21
[DEBUG]2012-10-11 13:15:37.459894 STEP | lctime = 795 | timer = 5 | per_cent_day = 55.2083333333
[DEBUG]2012-10-11 13:15:37.459894 IMAGES calculated and set | steps = 800 | curr_step = 441 | image1 = 4 | image2 = 5 | alpha = 0.41 | img1 = 3 | img2 = 4
[DEBUG]2012-10-11 13:15:37.460656 STEP | lctime = 795 | timer = 5 | per_cent_day = 55.2083333333
[DEBUG]2012-10-11 13:15:37.460656 IMAGES calculated and set | steps = 800 | curr_step = 441 | image1 = 4 | image2 = 5 | alpha = 0.41 | img1 = 3 | img2 = 4
[DEBUG]2012-10-11 13:24:57.889597 2012-09-23 <= 2012-10-11 <= 2012-12-21
[DEBUG]2012-10-11 13:24:57.890967 STEP | lctime = 804 | timer = 5 | per_cent_day = 55.8333333333
[DEBUG]2012-10-11 13:24:57.890967 IMAGES calculated and set | steps = 800 | curr_step = 446 | image1 = 4 | image2 = 5 | alpha = 0.46 | img1 = 3 | img2 = 4
[DEBUG]2012-10-11 13:37:38.384802 2012-09-23 <= 2012-10-11 <= 2012-12-21
[DEBUG]2012-10-11 13:37:38.388057 STEP | lctime = 817 | timer = 5 | per_cent_day = 56.7361111111
[DEBUG]2012-10-11 13:37:38.388057 IMAGES calculated and set | steps = 800 | curr_step = 453 | image1 = 4 | image2 = 5 | alpha = 0.53 | img1 = 3 | img2 = 4
[ERROR]2012-10-11 13:51:51.908959 Error while event loading, more than one event provides folder
[DEBUG]2012-10-11 13:58:49.708474 2012-09-23 <= 2012-10-11 <= 2012-12-21
[DEBUG]2012-10-11 13:58:49.710507 STEP | lctime = 838 | timer = 5 | per_cent_day = 58.1944444444
[DEBUG]2012-10-11 13:58:49.710507 IMAGES calculated and set | steps = 800 | curr_step = 465 | image1 = 4 | image2 = 5 | alpha = 0.65 | img1 = 3 | img2 = 4
[DEBUG]2012-10-11 14:02:06.936547 2012-09-23 <= 2012-10-11 <= 2012-12-21
[DEBUG]2012-10-11 14:02:06.937977 STEP | lctime = 842 | timer = 5 | per_cent_day = 58.4722222222
[DEBUG]2012-10-11 14:02:06.937977 IMAGES calculated and set | steps = 800 | curr_step = 467 | image1 = 4 | image2 = 5 | alpha = 0.67 | img1 = 3 | img2 = 4
[DEBUG]2012-10-11 14:03:43.597154 2012-09-23 <= 2012-10-11 <= 2012-12-21
[DEBUG]2012-10-11 14:03:43.598879 STEP | lctime = 843 | timer = 5 | per_cent_day = 58.5416666667
[DEBUG]2012-10-11 14:03:43.598879 IMAGES calculated and set | steps = 800 | curr_step = 468 | image1 = 4 | image2 = 5 | alpha = 0.68 | img1 = 3 | img2 = 4
[DEBUG]2012-10-11 14:05:35.463589 2012-09-23 <= 2012-10-11 <= 2012-12-21
[DEBUG]2012-10-11 14:05:35.464241 STEP | lctime = 845 | timer = 5 | per_cent_day = 58.6805555556
[DEBUG]2012-10-11 14:05:35.464241 IMAGES calculated and set | steps = 800 | curr_step = 469 | image1 = 4 | image2 = 5 | alpha = 0.69 | img1 = 3 | img2 = 4
[DEBUG]2012-10-11 14:06:29.655742 2012-09-23 <= 2012-10-11 <= 2012-12-21
[DEBUG]2012-10-11 14:06:29.657236 STEP | lctime = 846 | timer = 5 | per_cent_day = 58.75
[DEBUG]2012-10-11 14:06:29.657236 IMAGES calculated and set | steps = 800 | curr_step = 470 | image1 = 4 | image2 = 5 | alpha = 0.7 | img1 = 3 | img2 = 4
[DEBUG]2012-10-11 14:07:36.983765 2012-09-23 <= 2012-10-11 <= 2012-12-21
[DEBUG]2012-10-11 14:07:36.985118 STEP | lctime = 847 | timer = 5 | per_cent_day = 58.8194444444
[DEBUG]2012-10-11 14:07:36.985118 IMAGES calculated and set | steps = 800 | curr_step = 470 | image1 = 4 | image2 = 5 | alpha = 0.7 | img1 = 3 | img2 = 4
[DEBUG]2012-10-11 14:07:56.174745 2012-09-23 <= 2012-10-11 <= 2012-12-21
[DEBUG]2012-10-11 14:07:56.176224 STEP | lctime = 847 | timer = 5 | per_cent_day = 58.8194444444
[DEBUG]2012-10-11 14:07:56.176224 IMAGES calculated and set | steps = 800 | curr_step = 470 | image1 = 4 | image2 = 5 | alpha = 0.7 | img1 = 3 | img2 = 4
[DEBUG]2012-10-11 14:07:57.302193 2012-09-23 <= 2012-10-11 <= 2012-12-21
[DEBUG]2012-10-11 14:07:57.302851 STEP | lctime = 847 | timer = 5 | per_cent_day = 58.8194444444
[DEBUG]2012-10-11 14:07:57.302851 IMAGES calculated and set | steps = 800 | curr_step = 470 | image1 = 4 | image2 = 5 | alpha = 0.7 | img1 = 3 | img2 = 4
[DEBUG]2012-10-11 14:44:47.625739 STEP | lctime = 884 | timer = 5 | per_cent_day = 61.3888888889
[DEBUG]2012-10-11 14:44:47.625739 IMAGES calculated and set | steps = 800 | curr_step = 491 | image1 = 4 | image2 = 5 | alpha = 0.91 | img1 = 3 | img2 = 4
[DEBUG]2012-10-11 15:07:49.714728 successfully set wallpaper from /home/lukas/Dropbox/Python/wpchanger/tmp/tempimage.png
[DEBUG]2012-10-11 15:38:07.218846 2012-09-23 <= 2012-10-11 <= 2012-12-21
[DEBUG]2012-10-11 15:38:07.219351 STEP | lctime = 938 | timer = 5 | per_cent_day = 65.1388888889
[DEBUG]2012-10-11 15:38:07.219351 IMAGES calculated and set | steps = 800 | curr_step = 521 | image1 = 5 | image2 = 6 | alpha = 0.21 | img1 = 4 | img2 = 5
[DEBUG]2012-10-11 15:38:28.745368 2012-09-23 <= 2012-10-11 <= 2012-12-21
[DEBUG]2012-10-11 15:38:28.746048 STEP | lctime = 938 | timer = 5 | per_cent_day = 65.1388888889
[DEBUG]2012-10-11 15:38:28.746048 IMAGES calculated and set | steps = 800 | curr_step = 521 | image1 = 5 | image2 = 6 | alpha = 0.21 | img1 = 4 | img2 = 5
[DEBUG]2012-10-11 15:38:31.258644 successfully set wallpaper from /home/lukas/Dropbox/Python/wpchanger/tmp/tempimage.png
[DEBUG]2012-10-11 15:42:44.891060 2012-09-23 <= 2012-10-11 <= 2012-12-21
[DEBUG]2012-10-11 15:42:44.892179 STEP | lctime = 942 | timer = 5 | per_cent_day = 65.4166666667
[DEBUG]2012-10-11 15:42:44.892179 IMAGES calculated and set | steps = 800 | curr_step = 523 | image1 = 5 | image2 = 6 | alpha = 0.23 | img1 = 4 | img2 = 5
[DEBUG]2012-10-11 15:42:47.382141 successfully set wallpaper from /home/lukas/Dropbox/Python/wpchanger/tmp/tempimage.png
[DEBUG]2012-10-11 15:47:47.456535 2012-09-23 <= 2012-10-11 <= 2012-12-21
[DEBUG]2012-10-11 15:47:47.457697 STEP | lctime = 947 | timer = 5 | per_cent_day = 65.7638888889
[DEBUG]2012-10-11 15:47:47.457697 IMAGES calculated and set | steps = 800 | curr_step = 526 | image1 = 5 | image2 = 6 | alpha = 0.26 | img1 = 4 | img2 = 5
[DEBUG]2012-10-11 15:47:49.938698 successfully set wallpaper from /home/lukas/Dropbox/Python/wpchanger/tmp/tempimage.png
[DEBUG]2012-10-11 15:52:50.038168 2012-09-23 <= 2012-10-11 <= 2012-12-21
[DEBUG]2012-10-11 15:52:50.039037 STEP | lctime = 952 | timer = 5 | per_cent_day = 66.1111111111
[DEBUG]2012-10-11 15:52:50.039037 IMAGES calculated and set | steps = 800 | curr_step = 528 | image1 = 5 | image2 = 6 | alpha = 0.28 | img1 = 4 | img2 = 5
[DEBUG]2012-10-11 15:52:52.742818 successfully set wallpaper from /home/lukas/Dropbox/Python/wpchanger/tmp/tempimage.png
[DEBUG]2012-10-11 15:57:52.753195 2012-09-23 <= 2012-10-11 <= 2012-12-21
[DEBUG]2012-10-11 15:57:52.754138 STEP | lctime = 957 | timer = 5 | per_cent_day = 66.4583333333
[DEBUG]2012-10-11 15:57:52.754138 IMAGES calculated and set | steps = 800 | curr_step = 531 | image1 = 5 | image2 = 6 | alpha = 0.31 | img1 = 4 | img2 = 5
[DEBUG]2012-10-11 15:57:55.305582 successfully set wallpaper from /home/lukas/Dropbox/Python/wpchanger/tmp/tempimage.png
[DEBUG]2012-10-11 16:02:55.317190 2012-09-23 <= 2012-10-11 <= 2012-12-21
[DEBUG]2012-10-11 16:02:55.318119 STEP | lctime = 962 | timer = 5 | per_cent_day = 66.8055555556
[DEBUG]2012-10-11 16:02:55.318119 IMAGES calculated and set | steps = 800 | curr_step = 534 | image1 = 5 | image2 = 6 | alpha = 0.34 | img1 = 4 | img2 = 5
[DEBUG]2012-10-11 16:02:57.784010 successfully set wallpaper from /home/lukas/Dropbox/Python/wpchanger/tmp/tempimage.png
[DEBUG]2012-10-11 16:07:57.878966 2012-09-23 <= 2012-10-11 <= 2012-12-21
[DEBUG]2012-10-11 16:07:57.879901 STEP | lctime = 967 | timer = 5 | per_cent_day = 67.1527777778
[DEBUG]2012-10-11 16:07:57.879901 IMAGES calculated and set | steps = 800 | curr_step = 537 | image1 = 5 | image2 = 6 | alpha = 0.37 | img1 = 4 | img2 = 5
[DEBUG]2012-10-11 16:08:00.327156 successfully set wallpaper from /home/lukas/Dropbox/Python/wpchanger/tmp/tempimage.png
[DEBUG]2012-10-12 12:54:04.247658 2012-09-23 <= 2012-10-12 <= 2012-12-21
[DEBUG]2012-10-12 12:54:50.881400 2012-09-23 <= 2012-10-12 <= 2012-12-21
[DEBUG]2012-10-12 12:56:28.827618 STEP | lctime = 776 | timer = 5 | per_cent_day = 53.8888888889
[DEBUG]2012-10-12 12:56:28.827618 IMAGES calculated and set | steps = 800 | curr_step = 431 | image1 = 4 | image2 = 5 | alpha = 0.31 | img1 = 3 | img2 = 4
[DEBUG]2012-10-12 12:56:31.756852 successfully set wallpaper from /home/lukas/Dropbox/Python/wpchanger/tmp/tempimage.png
[DEBUG]2012-10-12 12:59:04.158878 2012-09-23 <= 2012-10-12 <= 2012-12-21
[DEBUG]2012-10-12 12:59:28.676619 2012-09-23 <= 2012-10-12 <= 2012-12-21
[DEBUG]2012-10-12 12:59:42.517830 2012-09-23 <= 2012-10-12 <= 2012-12-21
[DEBUG]2012-10-12 12:59:49.080702 2012-09-23 <= 2012-10-12 <= 2012-12-21
[DEBUG]2012-10-12 13:00:05.802343 2012-09-23 <= 2012-10-12 <= 2012-12-21
[DEBUG]2012-10-12 13:01:31.760745 STEP | lctime = 781 | timer = 5 | per_cent_day = 54.2361111111
[DEBUG]2012-10-12 13:01:31.760745 IMAGES calculated and set | steps = 800 | curr_step = 433 | image1 = 4 | image2 = 5 | alpha = 0.33 | img1 = 3 | img2 = 4
[DEBUG]2012-10-12 13:01:34.813172 successfully set wallpaper from /home/lukas/Dropbox/Python/wpchanger/tmp/tempimage.png
[DEBUG]2012-10-12 13:06:34.911338 STEP | lctime = 786 | timer = 5 | per_cent_day = 54.5833333333
[DEBUG]2012-10-12 13:06:34.911338 IMAGES calculated and set | steps = 800 | curr_step = 436 | image1 = 4 | image2 = 5 | alpha = 0.36 | img1 = 3 | img2 = 4
[DEBUG]2012-10-12 13:06:38.049909 successfully set wallpaper from /home/lukas/Dropbox/Python/wpchanger/tmp/tempimage.png
[DEBUG]2012-10-12 13:11:38.147208 STEP | lctime = 791 | timer = 5 | per_cent_day = 54.9305555556
[DEBUG]2012-10-12 13:11:38.147208 IMAGES calculated and set | steps = 800 | curr_step = 439 | image1 = 4 | image2 = 5 | alpha = 0.39 | img1 = 3 | img2 = 4
[DEBUG]2012-10-12 13:11:41.210491 successfully set wallpaper from /home/lukas/Dropbox/Python/wpchanger/tmp/tempimage.png
[DEBUG]2012-10-12 13:16:41.289627 STEP | lctime = 796 | timer = 5 | per_cent_day = 55.2777777778
[DEBUG]2012-10-12 13:16:41.289627 IMAGES calculated and set | steps = 800 | curr_step = 442 | image1 = 4 | image2 = 5 | alpha = 0.42 | img1 = 3 | img2 = 4
[DEBUG]2012-10-12 13:16:44.467091 successfully set wallpaper from /home/lukas/Dropbox/Python/wpchanger/tmp/tempimage.png
[DEBUG]2012-10-12 13:21:44.472814 STEP | lctime = 801 | timer = 5 | per_cent_day = 55.625
[DEBUG]2012-10-12 13:21:44.472814 IMAGES calculated and set | steps = 800 | curr_step = 445 | image1 = 4 | image2 = 5 | alpha = 0.45 | img1 = 3 | img2 = 4
[DEBUG]2012-10-12 13:21:47.420063 successfully set wallpaper from /home/lukas/Dropbox/Python/wpchanger/tmp/tempimage.png
[DEBUG]2012-10-12 13:22:45.176996 STEP | lctime = 802 | timer = 5 | per_cent_day = 55.6944444444
[DEBUG]2012-10-12 13:22:45.176996 IMAGES calculated and set | steps = 2400 | curr_step = 1336 | image1 = 13 | image2 = 14 | alpha = 0.36 | img1 = 12 | img2 = 13
[DEBUG]2012-10-12 13:22:45.925554 successfully set wallpaper from /home/lukas/Dropbox/Python/wpchanger/tmp/tempimage.png
[DEBUG]2012-10-12 13:27:46.026460 STEP | lctime = 807 | timer = 5 | per_cent_day = 56.0416666667
[DEBUG]2012-10-12 13:27:46.026460 IMAGES calculated and set | steps = 2400 | curr_step = 1345 | image1 = 13 | image2 = 14 | alpha = 0.45 | img1 = 12 | img2 = 13
[DEBUG]2012-10-12 13:27:46.776900 successfully set wallpaper from /home/lukas/Dropbox/Python/wpchanger/tmp/tempimage.png
[DEBUG]2012-10-12 13:32:46.785553 STEP | lctime = 812 | timer = 5 | per_cent_day = 56.3888888889
[DEBUG]2012-10-12 13:32:46.785553 IMAGES calculated and set | steps = 2400 | curr_step = 1353 | image1 = 13 | image2 = 14 | alpha = 0.53 | img1 = 12 | img2 = 13
[DEBUG]2012-10-12 13:32:47.526387 successfully set wallpaper from /home/lukas/Dropbox/Python/wpchanger/tmp/tempimage.png
[DEBUG]2012-10-12 13:37:47.602114 STEP | lctime = 817 | timer = 5 | per_cent_day = 56.7361111111
[DEBUG]2012-10-12 13:37:47.602114 IMAGES calculated and set | steps = 2400 | curr_step = 1361 | image1 = 13 | image2 = 14 | alpha = 0.61 | img1 = 12 | img2 = 13
[DEBUG]2012-10-12 13:37:48.337923 successfully set wallpaper from /home/lukas/Dropbox/Python/wpchanger/tmp/tempimage.png
[DEBUG]2012-10-12 13:42:48.363864 STEP | lctime = 822 | timer = 5 | per_cent_day = 57.0833333333
[DEBUG]2012-10-12 13:42:48.363864 IMAGES calculated and set | steps = 2400 | curr_step = 1370 | image1 = 13 | image2 = 14 | alpha = 0.7 | img1 = 12 | img2 = 13
[DEBUG]2012-10-12 13:42:49.088965 successfully set wallpaper from /home/lukas/Dropbox/Python/wpchanger/tmp/tempimage.png
[DEBUG]2012-10-12 13:47:49.180736 STEP | lctime = 827 | timer = 5 | per_cent_day = 57.4305555556
[DEBUG]2012-10-12 13:47:49.180736 IMAGES calculated and set | steps = 2400 | curr_step = 1378 | image1 = 13 | image2 = 14 | alpha = 0.78 | img1 = 12 | img2 = 13
[DEBUG]2012-10-12 13:47:49.912474 successfully set wallpaper from /home/lukas/Dropbox/Python/wpchanger/tmp/tempimage.png
[DEBUG]2012-10-12 13:52:49.972513 STEP | lctime = 832 | timer = 5 | per_cent_day = 57.7777777778
[DEBUG]2012-10-12 13:52:49.972513 IMAGES calculated and set | steps = 2400 | curr_step = 1386 | image1 = 13 | image2 = 14 | alpha = 0.86 | img1 = 12 | img2 = 13
[DEBUG]2012-10-12 13:52:50.687555 successfully set wallpaper from /home/lukas/Dropbox/Python/wpchanger/tmp/tempimage.png
[DEBUG]2012-10-12 13:57:50.771518 STEP | lctime = 837 | timer = 5 | per_cent_day = 58.125
[DEBUG]2012-10-12 13:57:50.771518 IMAGES calculated and set | steps = 2400 | curr_step = 1395 | image1 = 13 | image2 = 14 | alpha = 0.95 | img1 = 12 | img2 = 13
[DEBUG]2012-10-12 13:57:51.491936 successfully set wallpaper from /home/lukas/Dropbox/Python/wpchanger/tmp/tempimage.png
[DEBUG]2012-10-12 14:02:51.593346 STEP | lctime = 842 | timer = 5 | per_cent_day = 58.4722222222
[DEBUG]2012-10-12 14:02:51.593346 IMAGES calculated and set | steps = 2400 | curr_step = 1403 | image1 = 14 | image2 = 15 | alpha = 0.03 | img1 = 13 | img2 = 14
[DEBUG]2012-10-12 14:02:52.266901 successfully set wallpaper from /home/lukas/Dropbox/Python/wpchanger/tmp/tempimage.png
[DEBUG]2012-10-12 14:07:52.365238 STEP | lctime = 847 | timer = 5 | per_cent_day = 58.8194444444
[DEBUG]2012-10-12 14:07:52.365238 IMAGES calculated and set | steps = 2400 | curr_step = 1411 | image1 = 14 | image2 = 15 | alpha = 0.11 | img1 = 13 | img2 = 14
[DEBUG]2012-10-12 14:07:53.047616 successfully set wallpaper from /home/lukas/Dropbox/Python/wpchanger/tmp/tempimage.png
[DEBUG]2012-10-12 14:12:53.089245 STEP | lctime = 852 | timer = 5 | per_cent_day = 59.1666666667
[DEBUG]2012-10-12 14:12:53.089245 IMAGES calculated and set | steps = 2400 | curr_step = 1420 | image1 = 14 | image2 = 15 | alpha = 0.2 | img1 = 13 | img2 = 14
[DEBUG]2012-10-12 14:12:53.794617 successfully set wallpaper from /home/lukas/Dropbox/Python/wpchanger/tmp/tempimage.png
[DEBUG]2012-10-12 14:17:53.895262 STEP | lctime = 857 | timer = 5 | per_cent_day = 59.5138888889
[DEBUG]2012-10-12 14:17:53.895262 IMAGES calculated and set | steps = 2400 | curr_step = 1428 | image1 = 14 | image2 = 15 | alpha = 0.28 | img1 = 13 | img2 = 14
[DEBUG]2012-10-12 14:17:54.586179 successfully set wallpaper from /home/lukas/Dropbox/Python/wpchanger/tmp/tempimage.png
[DEBUG]2012-10-12 14:22:54.686537 STEP | lctime = 862 | timer = 5 | per_cent_day = 59.8611111111
[DEBUG]2012-10-12 14:22:54.686537 IMAGES calculated and set | steps = 2400 | curr_step = 1436 | image1 = 14 | image2 = 15 | alpha = 0.36 | img1 = 13 | img2 = 14
[DEBUG]2012-10-12 14:22:55.375977 successfully set wallpaper from /home/lukas/Dropbox/Python/wpchanger/tmp/tempimage.png
[DEBUG]2012-10-12 14:27:55.476757 STEP | lctime = 867 | timer = 5 | per_cent_day = 60.2083333333
[DEBUG]2012-10-12 14:27:55.476757 IMAGES calculated and set | steps = 2400 | curr_step = 1445 | image1 = 14 | image2 = 15 | alpha = 0.45 | img1 = 13 | img2 = 14
[DEBUG]2012-10-12 14:27:56.221527 successfully set wallpaper from /home/lukas/Dropbox/Python/wpchanger/tmp/tempimage.png
[DEBUG]2012-10-12 14:32:56.290824 STEP | lctime = 872 | timer = 5 | per_cent_day = 60.5555555556
[DEBUG]2012-10-12 14:32:56.290824 IMAGES calculated and set | steps = 2400 | curr_step = 1453 | image1 = 14 | image2 = 15 | alpha = 0.53 | img1 = 13 | img2 = 14
[DEBUG]2012-10-12 14:32:57.002739 successfully set wallpaper from /home/lukas/Dropbox/Python/wpchanger/tmp/tempimage.png
[DEBUG]2012-10-12 14:37:57.066793 STEP | lctime = 877 | timer = 5 | per_cent_day = 60.9027777778
[DEBUG]2012-10-12 14:37:57.066793 IMAGES calculated and set | steps = 2400 | curr_step = 1461 | image1 = 14 | image2 = 15 | alpha = 0.61 | img1 = 13 | img2 = 14
[DEBUG]2012-10-12 14:37:57.771431 successfully set wallpaper from /home/lukas/Dropbox/Python/wpchanger/tmp/tempimage.png
[DEBUG]2012-10-12 14:42:57.827588 STEP | lctime = 882 | timer = 5 | per_cent_day = 61.25
[DEBUG]2012-10-12 14:42:57.827588 IMAGES calculated and set | steps = 2400 | curr_step = 1470 | image1 = 14 | image2 = 15 | alpha = 0.7 | img1 = 13 | img2 = 14
[DEBUG]2012-10-12 14:42:58.510608 successfully set wallpaper from /home/lukas/Dropbox/Python/wpchanger/tmp/tempimage.png
[DEBUG]2012-10-12 14:47:58.595289 STEP | lctime = 887 | timer = 5 | per_cent_day = 61.5972222222
[DEBUG]2012-10-12 14:47:58.595289 IMAGES calculated and set | steps = 2400 | curr_step = 1478 | image1 = 14 | image2 = 15 | alpha = 0.78 | img1 = 13 | img2 = 14
[DEBUG]2012-10-12 14:47:59.282005 successfully set wallpaper from /home/lukas/Dropbox/Python/wpchanger/tmp/tempimage.png
[DEBUG]2012-10-12 14:52:59.325880 STEP | lctime = 892 | timer = 5 | per_cent_day = 61.9444444444
[DEBUG]2012-10-12 14:52:59.325880 IMAGES calculated and set | steps = 2400 | curr_step = 1486 | image1 = 14 | image2 = 15 | alpha = 0.86 | img1 = 13 | img2 = 14
[DEBUG]2012-10-12 14:53:00.037461 successfully set wallpaper from /home/lukas/Dropbox/Python/wpchanger/tmp/tempimage.png
[DEBUG]2012-10-12 14:58:00.135646 STEP | lctime = 898 | timer = 5 | per_cent_day = 62.3611111111
[DEBUG]2012-10-12 14:58:00.135646 IMAGES calculated and set | steps = 2400 | curr_step = 1496 | image1 = 14 | image2 = 15 | alpha = 0.96 | img1 = 13 | img2 = 14
[DEBUG]2012-10-12 14:58:00.825116 successfully set wallpaper from /home/lukas/Dropbox/Python/wpchanger/tmp/tempimage.png
[DEBUG]2012-10-12 15:03:00.885471 STEP | lctime = 903 | timer = 5 | per_cent_day = 62.7083333333
[DEBUG]2012-10-12 15:03:00.885471 IMAGES calculated and set | steps = 2400 | curr_step = 1505 | image1 = 15 | image2 = 16 | alpha = 0.05 | img1 = 14 | img2 = 15
[DEBUG]2012-10-12 15:03:01.567645 successfully set wallpaper from /home/lukas/Dropbox/Python/wpchanger/tmp/tempimage.png
[DEBUG]2012-10-12 15:08:01.659454 STEP | lctime = 908 | timer = 5 | per_cent_day = 63.0555555556
[DEBUG]2012-10-12 15:08:01.659454 IMAGES calculated and set | steps = 2400 | curr_step = 1513 | image1 = 15 | image2 = 16 | alpha = 0.13 | img1 = 14 | img2 = 15
[DEBUG]2012-10-12 15:08:02.334921 successfully set wallpaper from /home/lukas/Dropbox/Python/wpchanger/tmp/tempimage.png
[DEBUG]2012-10-12 15:13:02.348767 STEP | lctime = 913 | timer = 5 | per_cent_day = 63.4027777778
[DEBUG]2012-10-12 15:13:02.348767 IMAGES calculated and set | steps = 2400 | curr_step = 1521 | image1 = 15 | image2 = 16 | alpha = 0.21 | img1 = 14 | img2 = 15
[DEBUG]2012-10-12 15:13:03.028095 successfully set wallpaper from /home/lukas/Dropbox/Python/wpchanger/tmp/tempimage.png
[DEBUG]2012-10-12 15:18:03.044767 STEP | lctime = 918 | timer = 5 | per_cent_day = 63.75
[DEBUG]2012-10-12 15:18:03.044767 IMAGES calculated and set | steps = 2400 | curr_step = 1530 | image1 = 15 | image2 = 16 | alpha = 0.3 | img1 = 14 | img2 = 15
[DEBUG]2012-10-12 15:18:03.719458 successfully set wallpaper from /home/lukas/Dropbox/Python/wpchanger/tmp/tempimage.png
[DEBUG]2012-10-12 15:23:03.725990 STEP | lctime = 923 | timer = 5 | per_cent_day = 64.0972222222
[DEBUG]2012-10-12 15:23:03.725990 IMAGES calculated and set | steps = 2400 | curr_step = 1538 | image1 = 15 | image2 = 16 | alpha = 0.38 | img1 = 14 | img2 = 15
[DEBUG]2012-10-12 15:23:04.427060 successfully set wallpaper from /home/lukas/Dropbox/Python/wpchanger/tmp/tempimage.png
[DEBUG]2012-12-20 08:40:13.094976 STEP | lctime = 520 | timer = 5 | per_cent_day = 36.1111111111
[DEBUG]2012-12-20 08:40:13.094976 IMAGES calculated and set | steps = 2400 | curr_step = 866 | image1 = 8 | image2 = 9 | alpha = 0.66 | img1 = 7 | img2 = 8
[DEBUG]2012-12-20 08:40:14.027807 successfully set wallpaper from /home/lukas/Dropbox/Python/wpchanger/tmp/tempimage.png
[DEBUG]2012-12-20 08:45:14.105276 STEP | lctime = 525 | timer = 5 | per_cent_day = 36.4583333333
[DEBUG]2012-12-20 08:45:14.105276 IMAGES calculated and set | steps = 2400 | curr_step = 875 | image1 = 8 | image2 = 9 | alpha = 0.75 | img1 = 7 | img2 = 8
[DEBUG]2012-12-20 08:45:14.883930 successfully set wallpaper from /home/lukas/Dropbox/Python/wpchanger/tmp/tempimage.png
[DEBUG]2012-12-20 08:48:33.076124 STEP | lctime = 528 | timer = 5 | per_cent_day = 36.6666666667
[DEBUG]2012-12-20 08:48:33.076124 IMAGES calculated and set | steps = 2400 | curr_step = 880 | image1 = 8 | image2 = 9 | alpha = 0.8 | img1 = 7 | img2 = 8
[DEBUG]2012-12-20 08:48:33.854248 successfully set wallpaper from /home/lukas/Dropbox/Python/wpchanger/tmp/tempimage.png
[DEBUG]2012-12-20 08:48:46.359832 STEP | lctime = 528 | timer = 5 | per_cent_day = 36.6666666667
[DEBUG]2012-12-20 08:48:46.359832 IMAGES calculated and set | steps = 2400 | curr_step = 880 | image1 = 8 | image2 = 9 | alpha = 0.8 | img1 = 7 | img2 = 8
[DEBUG]2012-12-20 08:48:47.139318 successfully set wallpaper from /home/lukas/Dropbox/Python/wpchanger/tmp/tempimage.png
[DEBUG]2012-12-20 08:50:14.983676 STEP | lctime = 530 | timer = 5 | per_cent_day = 36.8055555556
[DEBUG]2012-12-20 08:50:14.983676 IMAGES calculated and set | steps = 2400 | curr_step = 883 | image1 = 8 | image2 = 9 | alpha = 0.83 | img1 = 7 | img2 = 8
[DEBUG]2012-12-20 08:50:15.756096 successfully set wallpaper from /home/lukas/Dropbox/Python/wpchanger/tmp/tempimage.png
[DEBUG]2012-12-20 08:53:33.954963 STEP | lctime = 533 | timer = 5 | per_cent_day = 37.0138888889
[DEBUG]2012-12-20 08:53:33.954963 IMAGES calculated and set | steps = 2400 | curr_step = 888 | image1 = 8 | image2 = 9 | alpha = 0.88 | img1 = 7 | img2 = 8
[DEBUG]2012-12-20 08:53:34.820224 successfully set wallpaper from /home/lukas/Dropbox/Python/wpchanger/tmp/tempimage.png
[DEBUG]2012-12-20 08:53:47.238992 STEP | lctime = 533 | timer = 5 | per_cent_day = 37.0138888889
[DEBUG]2012-12-20 08:53:47.238992 IMAGES calculated and set | steps = 2400 | curr_step = 888 | image1 = 8 | image2 = 9 | alpha = 0.88 | img1 = 7 | img2 = 8
[DEBUG]2012-12-20 08:53:48.049561 successfully set wallpaper from /home/lukas/Dropbox/Python/wpchanger/tmp/tempimage.png
[DEBUG]2012-12-20 08:55:15.849981 STEP | lctime = 535 | timer = 5 | per_cent_day = 37.1527777778
[DEBUG]2012-12-20 08:55:15.849981 IMAGES calculated and set | steps = 2400 | curr_step = 891 | image1 = 8 | image2 = 9 | alpha = 0.91 | img1 = 7 | img2 = 8
[DEBUG]2012-12-20 08:55:16.632876 successfully set wallpaper from /home/lukas/Dropbox/Python/wpchanger/tmp/tempimage.png
[DEBUG]2012-12-20 08:55:22.134313 STEP | lctime = 535 | timer = 5 | per_cent_day = 37.1527777778
[DEBUG]2012-12-20 08:55:22.134313 IMAGES calculated and set | steps = 2400 | curr_step = 891 | image1 = 8 | image2 = 9 | alpha = 0.91 | img1 = 7 | img2 = 8
[DEBUG]2012-12-20 08:55:22.909638 successfully set wallpaper from /home/lukas/Dropbox/Python/wpchanger/tmp/tempimage.png
[DEBUG]2012-12-20 08:55:35.440200 STEP | lctime = 535 | timer = 5 | per_cent_day = 37.1527777778
[DEBUG]2012-12-20 08:55:35.440200 IMAGES calculated and set | steps = 2400 | curr_step = 891 | image1 = 8 | image2 = 9 | alpha = 0.91 | img1 = 7 | img2 = 8
[DEBUG]2012-12-20 08:55:36.223615 successfully set wallpaper from /home/lukas/Dropbox/Python/wpchanger/tmp/tempimage.png
[DEBUG]2012-12-20 08:58:34.921571 STEP | lctime = 538 | timer = 5 | per_cent_day = 37.3611111111
[DEBUG]2012-12-20 08:58:34.921571 IMAGES calculated and set | steps = 2400 | curr_step = 896 | image1 = 8 | image2 = 9 | alpha = 0.96 | img1 = 7 | img2 = 8
[DEBUG]2012-12-20 08:58:35.704805 successfully set wallpaper from /home/lukas/Dropbox/Python/wpchanger/tmp/tempimage.png
[DEBUG]2012-12-20 08:58:48.150785 STEP | lctime = 538 | timer = 5 | per_cent_day = 37.3611111111
[DEBUG]2012-12-20 08:58:48.150785 IMAGES calculated and set | steps = 2400 | curr_step = 896 | image1 = 8 | image2 = 9 | alpha = 0.96 | img1 = 7 | img2 = 8
[DEBUG]2012-12-20 08:58:48.930405 successfully set wallpaper from /home/lukas/Dropbox/Python/wpchanger/tmp/tempimage.png
[DEBUG]2012-12-20 09:00:16.732663 STEP | lctime = 540 | timer = 5 | per_cent_day = 37.5
[DEBUG]2012-12-20 09:00:16.732663 IMAGES calculated and set | steps = 2400 | curr_step = 900 | image1 = 9 | image2 = 10 | alpha = 0.0 | img1 = 8 | img2 = 9
[DEBUG]2012-12-20 09:00:17.620197 successfully set wallpaper from /home/lukas/Dropbox/Python/wpchanger/tmp/tempimage.png
[DEBUG]2012-12-20 09:00:23.010813 STEP | lctime = 540 | timer = 5 | per_cent_day = 37.5
[DEBUG]2012-12-20 09:00:23.010813 IMAGES calculated and set | steps = 2400 | curr_step = 900 | image1 = 9 | image2 = 10 | alpha = 0.0 | img1 = 8 | img2 = 9
[DEBUG]2012-12-20 09:00:23.674008 successfully set wallpaper from /home/lukas/Dropbox/Python/wpchanger/tmp/tempimage.png
[DEBUG]2012-12-20 09:00:36.279558 STEP | lctime = 540 | timer = 5 | per_cent_day = 37.5
[DEBUG]2012-12-20 09:00:36.279558 IMAGES calculated and set | steps = 2400 | curr_step = 900 | image1 = 9 | image2 = 10 | alpha = 0.0 | img1 = 8 | img2 = 9
[DEBUG]2012-12-20 09:00:36.958967 successfully set wallpaper from /home/lukas/Dropbox/Python/wpchanger/tmp/tempimage.png
[DEBUG]2012-12-20 09:03:35.714219 STEP | lctime = 543 | timer = 5 | per_cent_day = 37.7083333333
[DEBUG]2012-12-20 09:03:35.714219 IMAGES calculated and set | steps = 2400 | curr_step = 905 | image1 = 9 | image2 = 10 | alpha = 0.05 | img1 = 8 | img2 = 9
[DEBUG]2012-12-20 09:03:36.495312 successfully set wallpaper from /home/lukas/Dropbox/Python/wpchanger/tmp/tempimage.png
[DEBUG]2012-12-20 09:03:49.004841 STEP | lctime = 543 | timer = 5 | per_cent_day = 37.7083333333
[DEBUG]2012-12-20 09:03:49.004841 IMAGES calculated and set | steps = 2400 | curr_step = 905 | image1 = 9 | image2 = 10 | alpha = 0.05 | img1 = 8 | img2 = 9
[DEBUG]2012-12-20 09:03:49.783310 successfully set wallpaper from /home/lukas/Dropbox/Python/wpchanger/tmp/tempimage.png
[DEBUG]2012-12-20 09:05:17.712439 STEP | lctime = 545 | timer = 5 | per_cent_day = 37.8472222222
[DEBUG]2012-12-20 09:05:17.712439 IMAGES calculated and set | steps = 2400 | curr_step = 908 | image1 = 9 | image2 = 10 | alpha = 0.08 | img1 = 8 | img2 = 9
[DEBUG]2012-12-20 09:05:18.473404 successfully set wallpaper from /home/lukas/Dropbox/Python/wpchanger/tmp/tempimage.png
[DEBUG]2012-12-20 09:05:23.775313 STEP | lctime = 545 | timer = 5 | per_cent_day = 37.8472222222
[DEBUG]2012-12-20 09:05:23.775313 IMAGES calculated and set | steps = 2400 | curr_step = 908 | image1 = 9 | image2 = 10 | alpha = 0.08 | img1 = 8 | img2 = 9
[DEBUG]2012-12-20 09:05:24.628036 successfully set wallpaper from /home/lukas/Dropbox/Python/wpchanger/tmp/tempimage.png
[DEBUG]2012-12-20 09:05:37.055260 STEP | lctime = 545 | timer = 5 | per_cent_day = 37.8472222222
[DEBUG]2012-12-20 09:05:37.055260 IMAGES calculated and set | steps = 2400 | curr_step = 908 | image1 = 9 | image2 = 10 | alpha = 0.08 | img1 = 8 | img2 = 9
[DEBUG]2012-12-20 09:05:37.813758 successfully set wallpaper from /home/lukas/Dropbox/Python/wpchanger/tmp/tempimage.png
[DEBUG]2012-12-20 09:08:36.596418 STEP | lctime = 548 | timer = 5 | per_cent_day = 38.0555555556
[DEBUG]2012-12-20 09:08:36.596418 IMAGES calculated and set | steps = 2400 | curr_step = 913 | image1 = 9 | image2 = 10 | alpha = 0.13 | img1 = 8 | img2 = 9
[DEBUG]2012-12-20 09:08:37.378563 successfully set wallpaper from /home/lukas/Dropbox/Python/wpchanger/tmp/tempimage.png
[DEBUG]2012-12-20 09:08:49.883301 STEP | lctime = 548 | timer = 5 | per_cent_day = 38.0555555556
[DEBUG]2012-12-20 09:08:49.883301 IMAGES calculated and set | steps = 2400 | curr_step = 913 | image1 = 9 | image2 = 10 | alpha = 0.13 | img1 = 8 | img2 = 9
[DEBUG]2012-12-20 09:08:50.657630 successfully set wallpaper from /home/lukas/Dropbox/Python/wpchanger/tmp/tempimage.png
[DEBUG]2012-12-20 09:10:18.567919 STEP | lctime = 550 | timer = 5 | per_cent_day = 38.1944444444
[DEBUG]2012-12-20 09:10:18.567919 IMAGES calculated and set | steps = 2400 | curr_step = 916 | image1 = 9 | image2 = 10 | alpha = 0.16 | img1 = 8 | img2 = 9
[DEBUG]2012-12-20 09:10:19.334920 successfully set wallpaper from /home/lukas/Dropbox/Python/wpchanger/tmp/tempimage.png
[DEBUG]2012-12-20 09:10:24.639210 STEP | lctime = 550 | timer = 5 | per_cent_day = 38.1944444444
[DEBUG]2012-12-20 09:10:24.639210 IMAGES calculated and set | steps = 2400 | curr_step = 916 | image1 = 9 | image2 = 10 | alpha = 0.16 | img1 = 8 | img2 = 9
[DEBUG]2012-12-20 09:10:25.401213 successfully set wallpaper from /home/lukas/Dropbox/Python/wpchanger/tmp/tempimage.png
[DEBUG]2012-12-20 09:10:37.820097 STEP | lctime = 550 | timer = 5 | per_cent_day = 38.1944444444
[DEBUG]2012-12-20 09:10:37.820097 IMAGES calculated and set | steps = 2400 | curr_step = 916 | image1 = 9 | image2 = 10 | alpha = 0.16 | img1 = 8 | img2 = 9
[DEBUG]2012-12-20 09:10:38.586769 successfully set wallpaper from /home/lukas/Dropbox/Python/wpchanger/tmp/tempimage.png
[DEBUG]2012-12-20 09:13:37.474747 STEP | lctime = 553 | timer = 5 | per_cent_day = 38.4027777778
[DEBUG]2012-12-20 09:13:37.474747 IMAGES calculated and set | steps = 2400 | curr_step = 921 | image1 = 9 | image2 = 10 | alpha = 0.21 | img1 = 8 | img2 = 9
[DEBUG]2012-12-20 09:13:38.251782 successfully set wallpaper from /home/lukas/Dropbox/Python/wpchanger/tmp/tempimage.png
[DEBUG]2012-12-20 09:13:50.744605 STEP | lctime = 553 | timer = 5 | per_cent_day = 38.4027777778
[DEBUG]2012-12-20 09:13:50.744605 IMAGES calculated and set | steps = 2400 | curr_step = 921 | image1 = 9 | image2 = 10 | alpha = 0.21 | img1 = 8 | img2 = 9
[DEBUG]2012-12-20 09:13:51.514359 successfully set wallpaper from /home/lukas/Dropbox/Python/wpchanger/tmp/tempimage.png
[DEBUG]2012-12-20 09:15:19.436224 STEP | lctime = 555 | timer = 5 | per_cent_day = 38.5416666667
[DEBUG]2012-12-20 09:15:19.436224 IMAGES calculated and set | steps = 2400 | curr_step = 925 | image1 = 9 | image2 = 10 | alpha = 0.25 | img1 = 8 | img2 = 9
[DEBUG]2012-12-20 09:15:20.209408 successfully set wallpaper from /home/lukas/Dropbox/Python/wpchanger/tmp/tempimage.png
[DEBUG]2012-12-20 09:15:25.484966 STEP | lctime = 555 | timer = 5 | per_cent_day = 38.5416666667
[DEBUG]2012-12-20 09:15:25.484966 IMAGES calculated and set | steps = 2400 | curr_step = 925 | image1 = 9 | image2 = 10 | alpha = 0.25 | img1 = 8 | img2 = 9
[DEBUG]2012-12-20 09:15:26.250861 successfully set wallpaper from /home/lukas/Dropbox/Python/wpchanger/tmp/tempimage.png
[DEBUG]2012-12-20 09:15:38.684558 STEP | lctime = 555 | timer = 5 | per_cent_day = 38.5416666667
[DEBUG]2012-12-20 09:15:38.684558 IMAGES calculated and set | steps = 2400 | curr_step = 925 | image1 = 9 | image2 = 10 | alpha = 0.25 | img1 = 8 | img2 = 9
[DEBUG]2012-12-20 09:15:39.470473 successfully set wallpaper from /home/lukas/Dropbox/Python/wpchanger/tmp/tempimage.png
[DEBUG]2012-12-20 09:18:38.253921 STEP | lctime = 558 | timer = 5 | per_cent_day = 38.75
[DEBUG]2012-12-20 09:18:38.253921 IMAGES calculated and set | steps = 2400 | curr_step = 930 | image1 = 9 | image2 = 10 | alpha = 0.3 | img1 = 8 | img2 = 9
[DEBUG]2012-12-20 09:18:39.037848 successfully set wallpaper from /home/lukas/Dropbox/Python/wpchanger/tmp/tempimage.png
[DEBUG]2012-12-20 09:18:51.526164 STEP | lctime = 558 | timer = 5 | per_cent_day = 38.75
[DEBUG]2012-12-20 09:18:51.526164 IMAGES calculated and set | steps = 2400 | curr_step = 930 | image1 = 9 | image2 = 10 | alpha = 0.3 | img1 = 8 | img2 = 9
[DEBUG]2012-12-20 09:18:52.294059 successfully set wallpaper from /home/lukas/Dropbox/Python/wpchanger/tmp/tempimage.png
[DEBUG]2012-12-20 09:20:20.310846 STEP | lctime = 560 | timer = 5 | per_cent_day = 38.8888888889
[DEBUG]2012-12-20 09:20:20.310846 IMAGES calculated and set | steps = 2400 | curr_step = 933 | image1 = 9 | image2 = 10 | alpha = 0.33 | img1 = 8 | img2 = 9
[DEBUG]2012-12-20 09:20:21.120060 successfully set wallpaper from /home/lukas/Dropbox/Python/wpchanger/tmp/tempimage.png
[DEBUG]2012-12-20 09:20:26.286475 STEP | lctime = 560 | timer = 5 | per_cent_day = 38.8888888889
[DEBUG]2012-12-20 09:20:26.286475 IMAGES calculated and set | steps = 2400 | curr_step = 933 | image1 = 9 | image2 = 10 | alpha = 0.33 | img1 = 8 | img2 = 9
[DEBUG]2012-12-20 09:20:27.056033 successfully set wallpaper from /home/lukas/Dropbox/Python/wpchanger/tmp/tempimage.png
[DEBUG]2012-12-20 09:20:39.563624 STEP | lctime = 560 | timer = 5 | per_cent_day = 38.8888888889
[DEBUG]2012-12-20 09:20:39.563624 IMAGES calculated and set | steps = 2400 | curr_step = 933 | image1 = 9 | image2 = 10 | alpha = 0.33 | img1 = 8 | img2 = 9
[DEBUG]2012-12-20 09:20:40.333554 successfully set wallpaper from /home/lukas/Dropbox/Python/wpchanger/tmp/tempimage.png
[DEBUG]2012-12-20 09:23:39.139761 STEP | lctime = 563 | timer = 5 | per_cent_day = 39.0972222222
[DEBUG]2012-12-20 09:23:39.139761 IMAGES calculated and set | steps = 2400 | curr_step = 938 | image1 = 9 | image2 = 10 | alpha = 0.38 | img1 = 8 | img2 = 9
[DEBUG]2012-12-20 09:23:39.976506 successfully set wallpaper from /home/lukas/Dropbox/Python/wpchanger/tmp/tempimage.png
[DEBUG]2012-12-20 09:23:52.298602 STEP | lctime = 563 | timer = 5 | per_cent_day = 39.0972222222
[DEBUG]2012-12-20 09:23:52.298602 IMAGES calculated and set | steps = 2400 | curr_step = 938 | image1 = 9 | image2 = 10 | alpha = 0.38 | img1 = 8 | img2 = 9
[DEBUG]2012-12-20 09:23:53.099252 successfully set wallpaper from /home/lukas/Dropbox/Python/wpchanger/tmp/tempimage.png
[DEBUG]2012-12-20 09:25:21.214321 STEP | lctime = 565 | timer = 5 | per_cent_day = 39.2361111111
[DEBUG]2012-12-20 09:25:21.214321 IMAGES calculated and set | steps = 2400 | curr_step = 941 | image1 = 9 | image2 = 10 | alpha = 0.41 | img1 = 8 | img2 = 9
[DEBUG]2012-12-20 09:25:21.990796 successfully set wallpaper from /home/lukas/Dropbox/Python/wpchanger/tmp/tempimage.png
[DEBUG]2012-12-20 09:25:27.150186 STEP | lctime = 565 | timer = 5 | per_cent_day = 39.2361111111
[DEBUG]2012-12-20 09:25:27.150186 IMAGES calculated and set | steps = 2400 | curr_step = 941 | image1 = 9 | image2 = 10 | alpha = 0.41 | img1 = 8 | img2 = 9
[DEBUG]2012-12-20 09:25:27.916012 successfully set wallpaper from /home/lukas/Dropbox/Python/wpchanger/tmp/tempimage.png
[DEBUG]2012-12-20 09:25:40.434687 STEP | lctime = 565 | timer = 5 | per_cent_day = 39.2361111111
[DEBUG]2012-12-20 09:25:40.434687 IMAGES calculated and set | steps = 2400 | curr_step = 941 | image1 = 9 | image2 = 10 | alpha = 0.41 | img1 = 8 | img2 = 9
[DEBUG]2012-12-20 09:25:41.222627 successfully set wallpaper from /home/lukas/Dropbox/Python/wpchanger/tmp/tempimage.png
[DEBUG]2012-12-20 09:28:40.043876 STEP | lctime = 568 | timer = 5 | per_cent_day = 39.4444444444
[DEBUG]2012-12-20 09:28:40.043876 IMAGES calculated and set | steps = 2400 | curr_step = 946 | image1 = 9 | image2 = 10 | alpha = 0.46 | img1 = 8 | img2 = 9
[DEBUG]2012-12-20 09:28:40.818406 successfully set wallpaper from /home/lukas/Dropbox/Python/wpchanger/tmp/tempimage.png
[DEBUG]2012-12-20 09:28:53.185943 STEP | lctime = 568 | timer = 5 | per_cent_day = 39.4444444444
[DEBUG]2012-12-20 09:28:53.185943 IMAGES calculated and set | steps = 2400 | curr_step = 946 | image1 = 9 | image2 = 10 | alpha = 0.46 | img1 = 8 | img2 = 9
[DEBUG]2012-12-20 09:28:53.957809 successfully set wallpaper from /home/lukas/Dropbox/Python/wpchanger/tmp/tempimage.png
[DEBUG]2012-12-20 09:30:22.090710 STEP | lctime = 570 | timer = 5 | per_cent_day = 39.5833333333
[DEBUG]2012-12-20 09:30:22.090710 IMAGES calculated and set | steps = 2400 | curr_step = 950 | image1 = 9 | image2 = 10 | alpha = 0.5 | img1 = 8 | img2 = 9
[DEBUG]2012-12-20 09:30:22.857492 successfully set wallpaper from /home/lukas/Dropbox/Python/wpchanger/tmp/tempimage.png
[DEBUG]2012-12-20 09:30:28.011643 STEP | lctime = 570 | timer = 5 | per_cent_day = 39.5833333333
[DEBUG]2012-12-20 09:30:28.011643 IMAGES calculated and set | steps = 2400 | curr_step = 950 | image1 = 9 | image2 = 10 | alpha = 0.5 | img1 = 8 | img2 = 9
[DEBUG]2012-12-20 09:30:28.765988 successfully set wallpaper from /home/lukas/Dropbox/Python/wpchanger/tmp/tempimage.png
[DEBUG]2012-12-20 09:30:41.288311 STEP | lctime = 570 | timer = 5 | per_cent_day = 39.5833333333
[DEBUG]2012-12-20 09:30:41.288311 IMAGES calculated and set | steps = 2400 | curr_step = 950 | image1 = 9 | image2 = 10 | alpha = 0.5 | img1 = 8 | img2 = 9
[DEBUG]2012-12-20 09:30:42.057003 successfully set wallpaper from /home/lukas/Dropbox/Python/wpchanger/tmp/tempimage.png
[DEBUG]2012-12-20 09:33:40.919741 STEP | lctime = 573 | timer = 5 | per_cent_day = 39.7916666667
[DEBUG]2012-12-20 09:33:40.919741 IMAGES calculated and set | steps = 2400 | curr_step = 955 | image1 = 9 | image2 = 10 | alpha = 0.55 | img1 = 8 | img2 = 9
[DEBUG]2012-12-20 09:33:41.688958 successfully set wallpaper from /home/lukas/Dropbox/Python/wpchanger/tmp/tempimage.png
[DEBUG]2012-12-20 09:33:54.026351 STEP | lctime = 573 | timer = 5 | per_cent_day = 39.7916666667
[DEBUG]2012-12-20 09:33:54.026351 IMAGES calculated and set | steps = 2400 | curr_step = 955 | image1 = 9 | image2 = 10 | alpha = 0.55 | img1 = 8 | img2 = 9
[DEBUG]2012-12-20 09:33:54.834178 successfully set wallpaper from /home/lukas/Dropbox/Python/wpchanger/tmp/tempimage.png
[DEBUG]2012-12-20 09:35:22.932025 STEP | lctime = 575 | timer = 5 | per_cent_day = 39.9305555556
[DEBUG]2012-12-20 09:35:22.932025 IMAGES calculated and set | steps = 2400 | curr_step = 958 | image1 = 9 | image2 = 10 | alpha = 0.58 | img1 = 8 | img2 = 9
[DEBUG]2012-12-20 09:35:23.700846 successfully set wallpaper from /home/lukas/Dropbox/Python/wpchanger/tmp/tempimage.png
[DEBUG]2012-12-20 09:35:28.865849 STEP | lctime = 575 | timer = 5 | per_cent_day = 39.9305555556
[DEBUG]2012-12-20 09:35:28.865849 IMAGES calculated and set | steps = 2400 | curr_step = 958 | image1 = 9 | image2 = 10 | alpha = 0.58 | img1 = 8 | img2 = 9
[DEBUG]2012-12-20 09:35:29.667796 successfully set wallpaper from /home/lukas/Dropbox/Python/wpchanger/tmp/tempimage.png
[DEBUG]2012-12-20 09:35:42.148955 STEP | lctime = 575 | timer = 5 | per_cent_day = 39.9305555556
[DEBUG]2012-12-20 09:35:42.148955 IMAGES calculated and set | steps = 2400 | curr_step = 958 | image1 = 9 | image2 = 10 | alpha = 0.58 | img1 = 8 | img2 = 9
[DEBUG]2012-12-20 09:35:42.936667 successfully set wallpaper from /home/lukas/Dropbox/Python/wpchanger/tmp/tempimage.png
[DEBUG]2012-12-20 09:38:41.790238 STEP | lctime = 578 | timer = 5 | per_cent_day = 40.1388888889
[DEBUG]2012-12-20 09:38:41.790238 IMAGES calculated and set | steps = 2400 | curr_step = 963 | image1 = 9 | image2 = 10 | alpha = 0.63 | img1 = 8 | img2 = 9
[DEBUG]2012-12-20 09:38:42.568805 successfully set wallpaper from /home/lukas/Dropbox/Python/wpchanger/tmp/tempimage.png
[DEBUG]2012-12-20 09:38:54.935741 STEP | lctime = 578 | timer = 5 | per_cent_day = 40.1388888889
[DEBUG]2012-12-20 09:38:54.935741 IMAGES calculated and set | steps = 2400 | curr_step = 963 | image1 = 9 | image2 = 10 | alpha = 0.63 | img1 = 8 | img2 = 9
[DEBUG]2012-12-20 09:38:55.730232 successfully set wallpaper from /home/lukas/Dropbox/Python/wpchanger/tmp/tempimage.png
[DEBUG]2012-12-20 09:40:23.789673 STEP | lctime = 580 | timer = 5 | per_cent_day = 40.2777777778
[DEBUG]2012-12-20 09:40:23.789673 IMAGES calculated and set | steps = 2400 | curr_step = 966 | image1 = 9 | image2 = 10 | alpha = 0.66 | img1 = 8 | img2 = 9
[DEBUG]2012-12-20 09:40:24.562634 successfully set wallpaper from /home/lukas/Dropbox/Python/wpchanger/tmp/tempimage.png
[DEBUG]2012-12-20 09:40:29.698626 STEP | lctime = 580 | timer = 5 | per_cent_day = 40.2777777778
[DEBUG]2012-12-20 09:40:29.698626 IMAGES calculated and set | steps = 2400 | curr_step = 966 | image1 = 9 | image2 = 10 | alpha = 0.66 | img1 = 8 | img2 = 9
[DEBUG]2012-12-20 09:40:30.461218 successfully set wallpaper from /home/lukas/Dropbox/Python/wpchanger/tmp/tempimage.png
[DEBUG]2012-12-20 09:40:43.033371 STEP | lctime = 580 | timer = 5 | per_cent_day = 40.2777777778
[DEBUG]2012-12-20 09:40:43.033371 IMAGES calculated and set | steps = 2400 | curr_step = 966 | image1 = 9 | image2 = 10 | alpha = 0.66 | img1 = 8 | img2 = 9
[DEBUG]2012-12-20 09:40:43.810637 successfully set wallpaper from /home/lukas/Dropbox/Python/wpchanger/tmp/tempimage.png
[DEBUG]2012-12-20 09:43:42.667704 STEP | lctime = 583 | timer = 5 | per_cent_day = 40.4861111111
[DEBUG]2012-12-20 09:43:42.667704 IMAGES calculated and set | steps = 2400 | curr_step = 971 | image1 = 9 | image2 = 10 | alpha = 0.71 | img1 = 8 | img2 = 9
[DEBUG]2012-12-20 09:43:43.433440 successfully set wallpaper from /home/lukas/Dropbox/Python/wpchanger/tmp/tempimage.png
[DEBUG]2012-12-20 09:43:55.831564 STEP | lctime = 583 | timer = 5 | per_cent_day = 40.4861111111
[DEBUG]2012-12-20 09:43:55.831564 IMAGES calculated and set | steps = 2400 | curr_step = 971 | image1 = 9 | image2 = 10 | alpha = 0.71 | img1 = 8 | img2 = 9
[DEBUG]2012-12-20 09:43:56.595179 successfully set wallpaper from /home/lukas/Dropbox/Python/wpchanger/tmp/tempimage.png
[DEBUG]2012-12-20 09:45:24.629571 STEP | lctime = 585 | timer = 5 | per_cent_day = 40.625
[DEBUG]2012-12-20 09:45:24.629571 IMAGES calculated and set | steps = 2400 | curr_step = 975 | image1 = 9 | image2 = 10 | alpha = 0.75 | img1 = 8 | img2 = 9
[DEBUG]2012-12-20 09:45:25.408258 successfully set wallpaper from /home/lukas/Dropbox/Python/wpchanger/tmp/tempimage.png
[DEBUG]2012-12-20 09:45:30.491235 STEP | lctime = 585 | timer = 5 | per_cent_day = 40.625
[DEBUG]2012-12-20 09:45:30.491235 IMAGES calculated and set | steps = 2400 | curr_step = 975 | image1 = 9 | image2 = 10 | alpha = 0.75 | img1 = 8 | img2 = 9
[DEBUG]2012-12-20 09:45:31.249629 successfully set wallpaper from /home/lukas/Dropbox/Python/wpchanger/tmp/tempimage.png
[DEBUG]2012-12-20 09:45:43.912019 STEP | lctime = 585 | timer = 5 | per_cent_day = 40.625
[DEBUG]2012-12-20 09:45:43.912019 IMAGES calculated and set | steps = 2400 | curr_step = 975 | image1 = 9 | image2 = 10 | alpha = 0.75 | img1 = 8 | img2 = 9
[DEBUG]2012-12-20 09:45:44.677770 successfully set wallpaper from /home/lukas/Dropbox/Python/wpchanger/tmp/tempimage.png
[DEBUG]2012-12-20 09:48:43.494633 STEP | lctime = 588 | timer = 5 | per_cent_day = 40.8333333333
[DEBUG]2012-12-20 09:48:43.494633 IMAGES calculated and set | steps = 2400 | curr_step = 980 | image1 = 9 | image2 = 10 | alpha = 0.8 | img1 = 8 | img2 = 9
[DEBUG]2012-12-20 09:48:44.273274 successfully set wallpaper from /home/lukas/Dropbox/Python/wpchanger/tmp/tempimage.png
[DEBUG]2012-12-20 09:48:56.603967 STEP | lctime = 588 | timer = 5 | per_cent_day = 40.8333333333
[DEBUG]2012-12-20 09:48:56.603967 IMAGES calculated and set | steps = 2400 | curr_step = 980 | image1 = 9 | image2 = 10 | alpha = 0.8 | img1 = 8 | img2 = 9
[DEBUG]2012-12-20 09:48:57.371907 successfully set wallpaper from /home/lukas/Dropbox/Python/wpchanger/tmp/tempimage.png
[DEBUG]2012-12-20 09:50:25.461987 STEP | lctime = 590 | timer = 5 | per_cent_day = 40.9722222222
[DEBUG]2012-12-20 09:50:25.461987 IMAGES calculated and set | steps = 2400 | curr_step = 983 | image1 = 9 | image2 = 10 | alpha = 0.83 | img1 = 8 | img2 = 9
[DEBUG]2012-12-20 09:50:26.229357 successfully set wallpaper from /home/lukas/Dropbox/Python/wpchanger/tmp/tempimage.png
[DEBUG]2012-12-20 09:50:31.264526 STEP | lctime = 590 | timer = 5 | per_cent_day = 40.9722222222
[DEBUG]2012-12-20 09:50:31.264526 IMAGES calculated and set | steps = 2400 | curr_step = 983 | image1 = 9 | image2 = 10 | alpha = 0.83 | img1 = 8 | img2 = 9
[DEBUG]2012-12-20 09:50:32.032643 successfully set wallpaper from /home/lukas/Dropbox/Python/wpchanger/tmp/tempimage.png
[DEBUG]2012-12-20 09:50:44.736190 STEP | lctime = 590 | timer = 5 | per_cent_day = 40.9722222222
[DEBUG]2012-12-20 09:50:44.736190 IMAGES calculated and set | steps = 2400 | curr_step = 983 | image1 = 9 | image2 = 10 | alpha = 0.83 | img1 = 8 | img2 = 9
[DEBUG]2012-12-20 09:50:45.506647 successfully set wallpaper from /home/lukas/Dropbox/Python/wpchanger/tmp/tempimage.png
[DEBUG]2012-12-20 09:52:06.188870 2012-09-23 <= 2012-12-20 <= 2012-12-21
[DEBUG]2012-12-20 09:53:10.523080 2012-09-23 <= 2012-12-20 <= 2012-12-21
[DEBUG]2012-12-20 09:53:10.523885 STEP | lctime = 593 | timer = 5 | per_cent_day = 41.1805555556
[DEBUG]2012-12-20 09:53:10.523885 IMAGES calculated and set | steps = 800 | curr_step = 329 | image1 = 3 | image2 = 4 | alpha = 0.29 | img1 = 2 | img2 = 3
[DEBUG]2012-12-20 09:53:13.907044 successfully set wallpaper from /home/lukas/Dropbox/Python/wpchanger/tmp/tempimage.png
[DEBUG]2012-12-20 09:53:44.314407 STEP | lctime = 593 | timer = 5 | per_cent_day = 41.1805555556
[DEBUG]2012-12-20 09:53:44.314407 IMAGES calculated and set | steps = 2400 | curr_step = 988 | image1 = 9 | image2 = 10 | alpha = 0.88 | img1 = 8 | img2 = 9
[DEBUG]2012-12-20 09:53:45.085101 successfully set wallpaper from /home/lukas/Dropbox/Python/wpchanger/tmp/tempimage.png
[DEBUG]2012-12-20 09:53:57.443458 STEP | lctime = 593 | timer = 5 | per_cent_day = 41.1805555556
[DEBUG]2012-12-20 09:53:57.443458 IMAGES calculated and set | steps = 2400 | curr_step = 988 | image1 = 9 | image2 = 10 | alpha = 0.88 | img1 = 8 | img2 = 9
[DEBUG]2012-12-20 09:53:58.227218 successfully set wallpaper from /home/lukas/Dropbox/Python/wpchanger/tmp/tempimage.png
